
 Performance counter stats for './mandelbrot_pth 0.175 0.375 -0.1 0.1 16 1' (10 runs):

              1,20 msec task-clock:u              #    0,756 CPUs utilized            ( +-  3,74% )
                 0      context-switches:u        #    0,000 K/sec                  
                 0      cpu-migrations:u          #    0,000 K/sec                  
                91      page-faults:u             #    0,076 M/sec                    ( +-  0,68% )
         1.726.693      cycles:u                  #    1,439 GHz                      ( +-  2,72% )
         1.622.698      instructions:u            #    0,94  insn per cycle           ( +-  0,00% )
           184.774      branches:u                #  153,984 M/sec                    ( +-  0,00% )
             7.007      branch-misses:u           #    3,79% of all branches          ( +-  0,72% )

         0,0015871 +- 0,0000751 seconds time elapsed  ( +-  4,73% )


 Performance counter stats for './mandelbrot_pth 0.175 0.375 -0.1 0.1 16 2' (10 runs):

              1,91 msec task-clock:u              #    0,960 CPUs utilized            ( +-  5,99% )
                 0      context-switches:u        #    0,000 K/sec                  
                 0      cpu-migrations:u          #    0,000 K/sec                  
                93      page-faults:u             #    0,049 M/sec                    ( +-  0,66% )
         3.040.846      cycles:u                  #    1,590 GHz                      ( +-  4,60% )
         2.757.062      instructions:u            #    0,91  insn per cycle           ( +-  0,02% )
           270.476      branches:u                #  141,418 M/sec                    ( +-  0,04% )
             7.694      branch-misses:u           #    2,84% of all branches          ( +-  0,82% )

          0,001992 +- 0,000153 seconds time elapsed  ( +-  7,67% )


 Performance counter stats for './mandelbrot_pth 0.175 0.375 -0.1 0.1 16 4' (10 runs):

              1,57 msec task-clock:u              #    1,013 CPUs utilized            ( +-  2,74% )
                 0      context-switches:u        #    0,000 K/sec                  
                 0      cpu-migrations:u          #    0,000 K/sec                  
                98      page-faults:u             #    0,063 M/sec                    ( +-  0,91% )
         2.225.649      cycles:u                  #    1,420 GHz                      ( +-  1,11% )
         2.009.872      instructions:u            #    0,90  insn per cycle           ( +-  0,05% )
           218.765      branches:u                #  139,590 M/sec                    ( +-  0,07% )
             7.608      branch-misses:u           #    3,48% of all branches          ( +-  0,67% )

          0,001547 +- 0,000110 seconds time elapsed  ( +-  7,12% )


 Performance counter stats for './mandelbrot_pth 0.175 0.375 -0.1 0.1 16 8' (10 runs):

              1,72 msec task-clock:u              #    1,097 CPUs utilized            ( +-  1,40% )
                 0      context-switches:u        #    0,000 K/sec                  
                 0      cpu-migrations:u          #    0,000 K/sec                  
               107      page-faults:u             #    0,062 M/sec                    ( +-  0,65% )
         2.003.514      cycles:u                  #    1,166 GHz                      ( +-  0,80% )
         1.720.114      instructions:u            #    0,86  insn per cycle           ( +-  0,12% )
           205.160      branches:u                #  119,396 M/sec                    ( +-  0,16% )
             7.901      branch-misses:u           #    3,85% of all branches          ( +-  1,30% )

         0,0015665 +- 0,0000830 seconds time elapsed  ( +-  5,30% )


 Performance counter stats for './mandelbrot_pth 0.175 0.375 -0.1 0.1 16 16' (10 runs):

              2,48 msec task-clock:u              #    0,972 CPUs utilized            ( +-  3,27% )
                 0      context-switches:u        #    0,000 K/sec                  
                 0      cpu-migrations:u          #    0,000 K/sec                  
               123      page-faults:u             #    0,050 M/sec                    ( +-  0,56% )
         2.363.294      cycles:u                  #    0,953 GHz                      ( +-  1,86% )
         1.886.258      instructions:u            #    0,80  insn per cycle           ( +-  0,22% )
           229.587      branches:u                #   92,625 M/sec                    ( +-  0,30% )
             8.564      branch-misses:u           #    3,73% of all branches          ( +-  1,39% )

          0,002549 +- 0,000394 seconds time elapsed  ( +- 15,47% )


 Performance counter stats for './mandelbrot_pth 0.175 0.375 -0.1 0.1 16 32' (10 runs):

              3,25 msec task-clock:u              #    1,161 CPUs utilized            ( +-  3,36% )
                 0      context-switches:u        #    0,000 K/sec                  
                 0      cpu-migrations:u          #    0,000 K/sec                  
               156      page-faults:u             #    0,048 M/sec                    ( +-  0,56% )
         2.553.658      cycles:u                  #    0,786 GHz                      ( +-  1,98% )
         1.980.373      instructions:u            #    0,78  insn per cycle           ( +-  0,20% )
           261.849      branches:u                #   80,551 M/sec                    ( +-  0,25% )
             9.358      branch-misses:u           #    3,57% of all branches          ( +-  2,86% )

          0,002801 +- 0,000211 seconds time elapsed  ( +-  7,53% )


 Performance counter stats for './mandelbrot_pth 0.175 0.375 -0.1 0.1 32 1' (10 runs):

              2,38 msec task-clock:u              #    0,781 CPUs utilized            ( +-  4,65% )
                 0      context-switches:u        #    0,000 K/sec                  
                 0      cpu-migrations:u          #    0,000 K/sec                  
                99      page-faults:u             #    0,042 M/sec                    ( +-  0,45% )
         4.771.543      cycles:u                  #    2,008 GHz                      ( +-  2,30% )
         5.168.078      instructions:u            #    1,08  insn per cycle           ( +-  0,00% )
           479.746      branches:u                #  201,853 M/sec                    ( +-  0,00% )
             7.810      branch-misses:u           #    1,63% of all branches          ( +-  1,32% )

          0,003042 +- 0,000327 seconds time elapsed  ( +- 10,75% )


 Performance counter stats for './mandelbrot_pth 0.175 0.375 -0.1 0.1 32 2' (10 runs):

              3,97 msec task-clock:u              #    1,292 CPUs utilized            ( +-  4,30% )
                 0      context-switches:u        #    0,000 K/sec                  
                 0      cpu-migrations:u          #    0,000 K/sec                  
               101      page-faults:u             #    0,025 M/sec                    ( +-  0,57% )
         9.271.050      cycles:u                  #    2,337 GHz                      ( +-  4,02% )
         9.565.740      instructions:u            #    1,03  insn per cycle           ( +-  0,01% )
           806.491      branches:u                #  203,328 M/sec                    ( +-  0,02% )
             9.398      branch-misses:u           #    1,17% of all branches          ( +-  2,18% )

          0,003071 +- 0,000152 seconds time elapsed  ( +-  4,96% )


 Performance counter stats for './mandelbrot_pth 0.175 0.375 -0.1 0.1 32 4' (10 runs):

              3,22 msec task-clock:u              #    1,223 CPUs utilized            ( +-  2,00% )
                 0      context-switches:u        #    0,000 K/sec                  
                 0      cpu-migrations:u          #    0,000 K/sec                  
               106      page-faults:u             #    0,033 M/sec                    ( +-  0,68% )
         6.740.782      cycles:u                  #    2,096 GHz                      ( +-  1,03% )
         6.595.921      instructions:u            #    0,98  insn per cycle           ( +-  0,01% )
           590.087      branches:u                #  183,501 M/sec                    ( +-  0,02% )
             8.722      branch-misses:u           #    1,48% of all branches          ( +-  1,41% )

          0,002629 +- 0,000226 seconds time elapsed  ( +-  8,60% )


 Performance counter stats for './mandelbrot_pth 0.175 0.375 -0.1 0.1 32 8' (10 runs):

              2,97 msec task-clock:u              #    1,282 CPUs utilized            ( +-  2,92% )
                 0      context-switches:u        #    0,000 K/sec                  
                 0      cpu-migrations:u          #    0,000 K/sec                  
               113      page-faults:u             #    0,038 M/sec                    ( +-  0,48% )
         5.483.138      cycles:u                  #    1,848 GHz                      ( +-  1,88% )
         5.251.603      instructions:u            #    0,96  insn per cycle           ( +-  0,05% )
           497.815      branches:u                #  167,750 M/sec                    ( +-  0,08% )
             9.067      branch-misses:u           #    1,82% of all branches          ( +-  1,84% )

          0,002315 +- 0,000140 seconds time elapsed  ( +-  6,06% )


 Performance counter stats for './mandelbrot_pth 0.175 0.375 -0.1 0.1 32 16' (10 runs):

              3,44 msec task-clock:u              #    1,451 CPUs utilized            ( +-  1,94% )
                 0      context-switches:u        #    0,000 K/sec                  
                 0      cpu-migrations:u          #    0,000 K/sec                  
               131      page-faults:u             #    0,038 M/sec                    ( +-  0,75% )
         5.840.602      cycles:u                  #    1,696 GHz                      ( +-  0,93% )
         5.693.373      instructions:u            #    0,97  insn per cycle           ( +-  0,04% )
           543.708      branches:u                #  157,912 M/sec                    ( +-  0,06% )
             9.464      branch-misses:u           #    1,74% of all branches          ( +-  1,54% )

          0,002372 +- 0,000156 seconds time elapsed  ( +-  6,58% )


 Performance counter stats for './mandelbrot_pth 0.175 0.375 -0.1 0.1 32 32' (10 runs):

              4,35 msec task-clock:u              #    1,553 CPUs utilized            ( +-  1,91% )
                 0      context-switches:u        #    0,000 K/sec                  
                 0      cpu-migrations:u          #    0,000 K/sec                  
               162      page-faults:u             #    0,037 M/sec                    ( +-  0,29% )
         5.914.974      cycles:u                  #    1,359 GHz                      ( +-  0,66% )
         5.590.296      instructions:u            #    0,95  insn per cycle           ( +-  0,24% )
           562.993      branches:u                #  129,390 M/sec                    ( +-  0,40% )
            10.219      branch-misses:u           #    1,82% of all branches          ( +-  2,36% )

          0,002801 +- 0,000144 seconds time elapsed  ( +-  5,13% )


 Performance counter stats for './mandelbrot_pth 0.175 0.375 -0.1 0.1 64 1' (10 runs):

              6,20 msec task-clock:u              #    0,916 CPUs utilized            ( +-  1,59% )
                 0      context-switches:u        #    0,000 K/sec                  
                 0      cpu-migrations:u          #    0,000 K/sec                  
               129      page-faults:u             #    0,021 M/sec                    ( +-  0,52% )
        16.442.736      cycles:u                  #    2,651 GHz                      ( +-  1,21% )
        19.250.542      instructions:u            #    1,17  insn per cycle           ( +-  0,00% )
         1.652.356      branches:u                #  266,419 M/sec                    ( +-  0,00% )
            10.957      branch-misses:u           #    0,66% of all branches          ( +-  2,32% )

          0,006770 +- 0,000215 seconds time elapsed  ( +-  3,17% )


 Performance counter stats for './mandelbrot_pth 0.175 0.375 -0.1 0.1 64 2' (10 runs):

             12,06 msec task-clock:u              #    1,678 CPUs utilized            ( +-  4,38% )
                 0      context-switches:u        #    0,000 K/sec                  
                 0      cpu-migrations:u          #    0,000 K/sec                  
               132      page-faults:u             #    0,011 M/sec                    ( +-  0,48% )
        33.970.171      cycles:u                  #    2,817 GHz                      ( +-  4,18% )
        36.605.313      instructions:u            #    1,08  insn per cycle           ( +-  0,00% )
         2.936.424      branches:u                #  243,477 M/sec                    ( +-  0,00% )
            17.138      branch-misses:u           #    0,58% of all branches          ( +-  4,33% )

          0,007188 +- 0,000342 seconds time elapsed  ( +-  4,76% )


 Performance counter stats for './mandelbrot_pth 0.175 0.375 -0.1 0.1 64 4' (10 runs):

              9,27 msec task-clock:u              #    1,707 CPUs utilized            ( +-  1,19% )
                 0      context-switches:u        #    0,000 K/sec                  
                 0      cpu-migrations:u          #    0,000 K/sec                  
               135      page-faults:u             #    0,015 M/sec                    ( +-  0,43% )
        24.672.253      cycles:u                  #    2,661 GHz                      ( +-  1,25% )
        24.873.592      instructions:u            #    1,01  insn per cycle           ( +-  0,00% )
         2.072.897      branches:u                #  223,596 M/sec                    ( +-  0,01% )
            13.297      branch-misses:u           #    0,64% of all branches          ( +-  3,88% )

          0,005432 +- 0,000342 seconds time elapsed  ( +-  6,30% )


 Performance counter stats for './mandelbrot_pth 0.175 0.375 -0.1 0.1 64 8' (10 runs):

              7,62 msec task-clock:u              #    1,775 CPUs utilized            ( +-  1,78% )
                 0      context-switches:u        #    0,000 K/sec                  
                 0      cpu-migrations:u          #    0,000 K/sec                  
               142      page-faults:u             #    0,019 M/sec                    ( +-  0,29% )
        19.366.153      cycles:u                  #    2,540 GHz                      ( +-  1,20% )
        19.324.195      instructions:u            #    1,00  insn per cycle           ( +-  0,01% )
         1.668.780      branches:u                #  218,904 M/sec                    ( +-  0,02% )
            13.288      branch-misses:u           #    0,80% of all branches          ( +-  4,67% )

          0,004294 +- 0,000142 seconds time elapsed  ( +-  3,32% )


 Performance counter stats for './mandelbrot_pth 0.175 0.375 -0.1 0.1 64 16' (10 runs):

              8,45 msec task-clock:u              #    1,584 CPUs utilized            ( +-  1,47% )
                 0      context-switches:u        #    0,000 K/sec                  
                 0      cpu-migrations:u          #    0,000 K/sec                  
               161      page-faults:u             #    0,019 M/sec                    ( +-  0,49% )
        20.479.662      cycles:u                  #    2,422 GHz                      ( +-  1,05% )
        20.827.080      instructions:u            #    1,02  insn per cycle           ( +-  0,01% )
         1.793.576      branches:u                #  212,146 M/sec                    ( +-  0,02% )
            13.597      branch-misses:u           #    0,76% of all branches          ( +-  3,80% )

          0,005338 +- 0,000418 seconds time elapsed  ( +-  7,82% )


 Performance counter stats for './mandelbrot_pth 0.175 0.375 -0.1 0.1 64 32' (10 runs):

              9,16 msec task-clock:u              #    1,963 CPUs utilized            ( +-  1,47% )
                 0      context-switches:u        #    0,000 K/sec                  
                 0      cpu-migrations:u          #    0,000 K/sec                  
               193      page-faults:u             #    0,021 M/sec                    ( +-  0,23% )
        19.872.365      cycles:u                  #    2,170 GHz                      ( +-  0,65% )
        19.861.320      instructions:u            #    1,00  insn per cycle           ( +-  0,04% )
         1.748.680      branches:u                #  190,967 M/sec                    ( +-  0,07% )
            14.416      branch-misses:u           #    0,82% of all branches          ( +-  3,48% )

          0,004665 +- 0,000231 seconds time elapsed  ( +-  4,95% )


 Performance counter stats for './mandelbrot_pth 0.175 0.375 -0.1 0.1 128 1' (10 runs):

             22,00 msec task-clock:u              #    0,964 CPUs utilized            ( +-  0,43% )
                 0      context-switches:u        #    0,000 K/sec                  
                 0      cpu-migrations:u          #    0,000 K/sec                  
               249      page-faults:u             #    0,011 M/sec                    ( +-  0,20% )
        63.490.141      cycles:u                  #    2,886 GHz                      ( +-  0,26% )
        75.531.120      instructions:u            #    1,19  insn per cycle           ( +-  0,00% )
         6.338.858      branches:u                #  288,138 M/sec                    ( +-  0,00% )
            27.008      branch-misses:u           #    0,43% of all branches          ( +-  7,42% )

          0,022831 +- 0,000189 seconds time elapsed  ( +-  0,83% )


 Performance counter stats for './mandelbrot_pth 0.175 0.375 -0.1 0.1 128 2' (10 runs):

             44,93 msec task-clock:u              #    1,730 CPUs utilized            ( +-  3,56% )
                 0      context-switches:u        #    0,000 K/sec                  
                 0      cpu-migrations:u          #    0,000 K/sec                  
               250      page-faults:u             #    0,006 M/sec                    ( +-  0,15% )
       133.184.565      cycles:u                  #    2,964 GHz                      ( +-  3,53% )
       144.662.975      instructions:u            #    1,09  insn per cycle           ( +-  0,00% )
        11.447.990      branches:u                #  254,770 M/sec                    ( +-  0,00% )
            41.970      branch-misses:u           #    0,37% of all branches          ( +-  5,32% )

           0,02598 +- 0,00121 seconds time elapsed  ( +-  4,66% )


 Performance counter stats for './mandelbrot_pth 0.175 0.375 -0.1 0.1 128 4' (10 runs):

             33,25 msec task-clock:u              #    1,712 CPUs utilized            ( +-  1,39% )
                 0      context-switches:u        #    0,000 K/sec                  
                 0      cpu-migrations:u          #    0,000 K/sec                  
               256      page-faults:u             #    0,008 M/sec                    ( +-  0,26% )
        96.784.842      cycles:u                  #    2,911 GHz                      ( +-  1,32% )
        97.948.526      instructions:u            #    1,01  insn per cycle           ( +-  0,00% )
         8.001.577      branches:u                #  240,623 M/sec                    ( +-  0,00% )
            34.588      branch-misses:u           #    0,43% of all branches          ( +-  7,91% )

           0,01943 +- 0,00140 seconds time elapsed  ( +-  7,23% )


 Performance counter stats for './mandelbrot_pth 0.175 0.375 -0.1 0.1 128 8' (10 runs):

             26,47 msec task-clock:u              #    2,190 CPUs utilized            ( +-  0,92% )
                 0      context-switches:u        #    0,000 K/sec                  
                 0      cpu-migrations:u          #    0,000 K/sec                  
               264      page-faults:u             #    0,010 M/sec                    ( +-  0,25% )
        75.913.004      cycles:u                  #    2,867 GHz                      ( +-  0,98% )
        75.605.221      instructions:u            #    1,00  insn per cycle           ( +-  0,00% )
         6.355.368      branches:u                #  240,059 M/sec                    ( +-  0,00% )
            25.824      branch-misses:u           #    0,41% of all branches          ( +-  3,76% )

          0,012090 +- 0,000418 seconds time elapsed  ( +-  3,46% )


 Performance counter stats for './mandelbrot_pth 0.175 0.375 -0.1 0.1 128 16' (10 runs):

             28,74 msec task-clock:u              #    2,332 CPUs utilized            ( +-  0,54% )
                 0      context-switches:u        #    0,000 K/sec                  
                 0      cpu-migrations:u          #    0,000 K/sec                  
               280      page-faults:u             #    0,010 M/sec                    ( +-  0,24% )
        81.177.576      cycles:u                  #    2,825 GHz                      ( +-  0,41% )
        81.334.339      instructions:u            #    1,00  insn per cycle           ( +-  0,00% )
         6.792.890      branches:u                #  236,384 M/sec                    ( +-  0,00% )
            29.510      branch-misses:u           #    0,43% of all branches          ( +-  3,60% )

          0,012321 +- 0,000440 seconds time elapsed  ( +-  3,57% )


 Performance counter stats for './mandelbrot_pth 0.175 0.375 -0.1 0.1 128 32' (10 runs):

             27,73 msec task-clock:u              #    2,393 CPUs utilized            ( +-  0,74% )
                 0      context-switches:u        #    0,000 K/sec                  
                 0      cpu-migrations:u          #    0,000 K/sec                  
               312      page-faults:u             #    0,011 M/sec                    ( +-  0,20% )
        76.028.920      cycles:u                  #    2,741 GHz                      ( +-  0,59% )
        76.282.506      instructions:u            #    1,00  insn per cycle           ( +-  0,00% )
         6.444.855      branches:u                #  232,386 M/sec                    ( +-  0,00% )
            29.484      branch-misses:u           #    0,46% of all branches          ( +-  5,02% )

          0,011591 +- 0,000320 seconds time elapsed  ( +-  2,76% )


 Performance counter stats for './mandelbrot_pth 0.175 0.375 -0.1 0.1 256 1' (10 runs):

             84,73 msec task-clock:u              #    0,986 CPUs utilized            ( +-  0,21% )
                 0      context-switches:u        #    0,000 K/sec                  
                 0      cpu-migrations:u          #    0,000 K/sec                  
               730      page-faults:u             #    0,009 M/sec                    ( +-  0,05% )
       251.651.436      cycles:u                  #    2,970 GHz                      ( +-  0,16% )
       300.500.594      instructions:u            #    1,19  insn per cycle           ( +-  0,00% )
        25.073.154      branches:u                #  295,915 M/sec                    ( +-  0,00% )
            82.625      branch-misses:u           #    0,33% of all branches          ( +-  6,15% )

          0,085974 +- 0,000225 seconds time elapsed  ( +-  0,26% )


 Performance counter stats for './mandelbrot_pth 0.175 0.375 -0.1 0.1 256 2' (10 runs):

            176,29 msec task-clock:u              #    1,874 CPUs utilized            ( +-  3,03% )
                 0      context-switches:u        #    0,000 K/sec                  
                 0      cpu-migrations:u          #    0,000 K/sec                  
               731      page-faults:u             #    0,004 M/sec                    ( +-  0,04% )
       529.655.716      cycles:u                  #    3,004 GHz                      ( +-  3,10% )
       576.601.615      instructions:u            #    1,09  insn per cycle           ( +-  0,00% )
        45.473.175      branches:u                #  257,947 M/sec                    ( +-  0,00% )
           147.810      branch-misses:u           #    0,33% of all branches          ( +-  4,54% )

           0,09409 +- 0,00269 seconds time elapsed  ( +-  2,86% )


 Performance counter stats for './mandelbrot_pth 0.175 0.375 -0.1 0.1 256 4' (10 runs):

            129,83 msec task-clock:u              #    2,342 CPUs utilized            ( +-  0,52% )
                 0      context-switches:u        #    0,000 K/sec                  
                 0      cpu-migrations:u          #    0,000 K/sec                  
               736      page-faults:u             #    0,006 M/sec                    ( +-  0,10% )
       387.473.078      cycles:u                  #    2,984 GHz                      ( +-  0,55% )
       390.119.665      instructions:u            #    1,01  insn per cycle           ( +-  0,00% )
        31.706.319      branches:u                #  244,211 M/sec                    ( +-  0,00% )
            97.130      branch-misses:u           #    0,31% of all branches          ( +-  4,35% )

           0,05544 +- 0,00126 seconds time elapsed  ( +-  2,27% )


 Performance counter stats for './mandelbrot_pth 0.175 0.375 -0.1 0.1 256 8' (10 runs):

            102,52 msec task-clock:u              #    2,276 CPUs utilized            ( +-  0,79% )
                 0      context-switches:u        #    0,000 K/sec                  
                 0      cpu-migrations:u          #    0,000 K/sec                  
               744      page-faults:u             #    0,007 M/sec                    ( +-  0,07% )
       303.447.721      cycles:u                  #    2,960 GHz                      ( +-  0,82% )
       300.577.306      instructions:u            #    0,99  insn per cycle           ( +-  0,00% )
        25.090.146      branches:u                #  244,722 M/sec                    ( +-  0,00% )
            99.323      branch-misses:u           #    0,40% of all branches          ( +-  9,00% )

           0,04505 +- 0,00240 seconds time elapsed  ( +-  5,34% )


 Performance counter stats for './mandelbrot_pth 0.175 0.375 -0.1 0.1 256 16' (10 runs):

            111,80 msec task-clock:u              #    2,740 CPUs utilized            ( +-  0,24% )
                 0      context-switches:u        #    0,000 K/sec                  
                 0      cpu-migrations:u          #    0,000 K/sec                  
               761      page-faults:u             #    0,007 M/sec                    ( +-  0,08% )
       329.622.243      cycles:u                  #    2,948 GHz                      ( +-  0,22% )
       323.208.494      instructions:u            #    0,98  insn per cycle           ( +-  0,00% )
        26.777.780      branches:u                #  239,518 M/sec                    ( +-  0,00% )
            91.792      branch-misses:u           #    0,34% of all branches          ( +-  6,18% )

          0,040802 +- 0,000632 seconds time elapsed  ( +-  1,55% )


 Performance counter stats for './mandelbrot_pth 0.175 0.375 -0.1 0.1 256 32' (10 runs):

            104,05 msec task-clock:u              #    2,273 CPUs utilized            ( +-  0,48% )
                 0      context-switches:u        #    0,000 K/sec                  
                 0      cpu-migrations:u          #    0,000 K/sec                  
               792      page-faults:u             #    0,008 M/sec                    ( +-  0,07% )
       302.790.518      cycles:u                  #    2,910 GHz                      ( +-  0,54% )
       301.136.995      instructions:u            #    0,99  insn per cycle           ( +-  0,00% )
        25.172.295      branches:u                #  241,935 M/sec                    ( +-  0,00% )
            97.248      branch-misses:u           #    0,39% of all branches          ( +- 13,85% )

           0,04577 +- 0,00538 seconds time elapsed  ( +- 11,75% )


 Performance counter stats for './mandelbrot_pth 0.175 0.375 -0.1 0.1 512 1' (10 runs):

            346,18 msec task-clock:u              #    0,983 CPUs utilized            ( +-  1,50% )
                 0      context-switches:u        #    0,000 K/sec                  
                 0      cpu-migrations:u          #    0,000 K/sec                  
             2.650      page-faults:u             #    0,008 M/sec                    ( +-  0,03% )
     1.025.542.643      cycles:u                  #    2,962 GHz                      ( +-  0,75% )
     1.199.369.336      instructions:u            #    1,17  insn per cycle           ( +-  0,00% )
        99.935.370      branches:u                #  288,679 M/sec                    ( +-  0,00% )
           326.685      branch-misses:u           #    0,33% of all branches          ( +-  5,68% )

           0,35219 +- 0,00622 seconds time elapsed  ( +-  1,77% )


 Performance counter stats for './mandelbrot_pth 0.175 0.375 -0.1 0.1 512 2' (10 runs):

            623,29 msec task-clock:u              #    1,938 CPUs utilized            ( +-  0,23% )
                 0      context-switches:u        #    0,000 K/sec                  
                 0      cpu-migrations:u          #    0,000 K/sec                  
             2.652      page-faults:u             #    0,004 M/sec                    ( +-  0,02% )
     1.901.501.280      cycles:u                  #    3,051 GHz                      ( +-  0,20% )
     2.302.332.124      instructions:u            #    1,21  insn per cycle           ( +-  0,00% )
       181.421.856      branches:u                #  291,073 M/sec                    ( +-  0,00% )
           458.487      branch-misses:u           #    0,25% of all branches          ( +-  0,45% )

          0,321640 +- 0,000810 seconds time elapsed  ( +-  0,25% )


 Performance counter stats for './mandelbrot_pth 0.175 0.375 -0.1 0.1 512 4' (10 runs):

            521,11 msec task-clock:u              #    2,635 CPUs utilized            ( +-  0,24% )
                 0      context-switches:u        #    0,000 K/sec                  
                 0      cpu-migrations:u          #    0,000 K/sec                  
             2.656      page-faults:u             #    0,005 M/sec                    ( +-  0,02% )
     1.555.061.576      cycles:u                  #    2,984 GHz                      ( +-  0,15% )
     1.557.830.981      instructions:u            #    1,00  insn per cycle           ( +-  0,00% )
       126.452.833      branches:u                #  242,661 M/sec                    ( +-  0,00% )
           313.624      branch-misses:u           #    0,25% of all branches          ( +-  1,16% )

           0,19778 +- 0,00359 seconds time elapsed  ( +-  1,82% )


 Performance counter stats for './mandelbrot_pth 0.175 0.375 -0.1 0.1 512 8' (10 runs):

            393,47 msec task-clock:u              #    2,811 CPUs utilized            ( +-  0,54% )
                 0      context-switches:u        #    0,000 K/sec                  
                 0      cpu-migrations:u          #    0,000 K/sec                  
             2.663      page-faults:u             #    0,007 M/sec                    ( +-  0,02% )
     1.194.246.826      cycles:u                  #    3,035 GHz                      ( +-  0,55% )
     1.199.452.078      instructions:u            #    1,00  insn per cycle           ( +-  0,00% )
        99.952.857      branches:u                #  254,029 M/sec                    ( +-  0,00% )
           245.275      branch-misses:u           #    0,25% of all branches          ( +-  1,27% )

          0,139961 +- 0,000942 seconds time elapsed  ( +-  0,67% )


 Performance counter stats for './mandelbrot_pth 0.175 0.375 -0.1 0.1 512 16' (10 runs):

            445,20 msec task-clock:u              #    3,060 CPUs utilized            ( +-  0,29% )
                 0      context-switches:u        #    0,000 K/sec                  
                 0      cpu-migrations:u          #    0,000 K/sec                  
             2.681      page-faults:u             #    0,006 M/sec                    ( +-  0,01% )
     1.333.161.140      cycles:u                  #    2,994 GHz                      ( +-  0,29% )
     1.289.701.352      instructions:u            #    0,97  insn per cycle           ( +-  0,00% )
       106.643.209      branches:u                #  239,537 M/sec                    ( +-  0,00% )
           308.213      branch-misses:u           #    0,29% of all branches          ( +- 11,10% )

           0,14550 +- 0,00996 seconds time elapsed  ( +-  6,85% )


 Performance counter stats for './mandelbrot_pth 0.175 0.375 -0.1 0.1 512 32' (10 runs):

            417,99 msec task-clock:u              #    3,387 CPUs utilized            ( +-  0,09% )
                 0      context-switches:u        #    0,000 K/sec                  
                 0      cpu-migrations:u          #    0,000 K/sec                  
             2.712      page-faults:u             #    0,006 M/sec                    ( +-  0,01% )
     1.241.445.314      cycles:u                  #    2,970 GHz                      ( +-  0,06% )
     1.200.875.169      instructions:u            #    0,97  insn per cycle           ( +-  0,00% )
       100.101.698      branches:u                #  239,481 M/sec                    ( +-  0,00% )
           248.386      branch-misses:u           #    0,25% of all branches          ( +-  1,53% )

          0,123395 +- 0,000451 seconds time elapsed  ( +-  0,37% )


 Performance counter stats for './mandelbrot_pth 0.175 0.375 -0.1 0.1 1024 1' (10 runs):

          1.315,79 msec task-clock:u              #    0,998 CPUs utilized            ( +-  1,11% )
                 0      context-switches:u        #    0,000 K/sec                  
                 0      cpu-migrations:u          #    0,000 K/sec                  
            10.330      page-faults:u             #    0,008 M/sec                    ( +-  0,01% )
     3.945.842.836      cycles:u                  #    2,999 GHz                      ( +-  0,58% )
     4.794.136.119      instructions:u            #    1,21  insn per cycle           ( +-  0,00% )
       399.328.820      branches:u                #  303,490 M/sec                    ( +-  0,00% )
         1.071.894      branch-misses:u           #    0,27% of all branches          ( +-  4,97% )

            1,3180 +- 0,0155 seconds time elapsed  ( +-  1,18% )


 Performance counter stats for './mandelbrot_pth 0.175 0.375 -0.1 0.1 1024 2' (10 runs):

          2.550,75 msec task-clock:u              #    1,910 CPUs utilized            ( +-  0,74% )
                 0      context-switches:u        #    0,000 K/sec                  
                 0      cpu-migrations:u          #    0,000 K/sec                  
            10.331      page-faults:u             #    0,004 M/sec                    ( +-  0,00% )
     7.724.087.439      cycles:u                  #    3,028 GHz                      ( +-  0,63% )
     9.203.843.069      instructions:u            #    1,19  insn per cycle           ( +-  0,00% )
       725.111.620      branches:u                #  284,274 M/sec                    ( +-  0,00% )
         1.819.966      branch-misses:u           #    0,25% of all branches          ( +-  1,97% )

            1,3353 +- 0,0169 seconds time elapsed  ( +-  1,26% )


 Performance counter stats for './mandelbrot_pth 0.175 0.375 -0.1 0.1 1024 4' (10 runs):

          2.039,18 msec task-clock:u              #    2,590 CPUs utilized            ( +-  0,31% )
                 0      context-switches:u        #    0,000 K/sec                  
                 0      cpu-migrations:u          #    0,000 K/sec                  
            10.336      page-faults:u             #    0,005 M/sec                    ( +-  0,01% )
     6.190.590.434      cycles:u                  #    3,036 GHz                      ( +-  0,26% )
     6.227.967.553      instructions:u            #    1,01  insn per cycle           ( +-  0,00% )
       505.379.113      branches:u                #  247,835 M/sec                    ( +-  0,00% )
         1.198.947      branch-misses:u           #    0,24% of all branches          ( +-  1,66% )

            0,7874 +- 0,0220 seconds time elapsed  ( +-  2,79% )


 Performance counter stats for './mandelbrot_pth 0.175 0.375 -0.1 0.1 1024 8' (10 runs):

          1.613,06 msec task-clock:u              #    2,662 CPUs utilized            ( +-  1,14% )
                 0      context-switches:u        #    0,000 K/sec                  
                 0      cpu-migrations:u          #    0,000 K/sec                  
            10.344      page-faults:u             #    0,006 M/sec                    ( +-  0,01% )
     4.800.096.146      cycles:u                  #    2,976 GHz                      ( +-  1,07% )
     4.794.235.352      instructions:u            #    1,00  insn per cycle           ( +-  0,00% )
       399.352.134      branches:u                #  247,574 M/sec                    ( +-  0,00% )
         1.009.851      branch-misses:u           #    0,25% of all branches          ( +-  4,58% )

            0,6059 +- 0,0156 seconds time elapsed  ( +-  2,58% )


 Performance counter stats for './mandelbrot_pth 0.175 0.375 -0.1 0.1 1024 16' (10 runs):

          1.770,04 msec task-clock:u              #    3,277 CPUs utilized            ( +-  0,24% )
                 0      context-switches:u        #    0,000 K/sec                  
                 0      cpu-migrations:u          #    0,000 K/sec                  
            10.361      page-faults:u             #    0,006 M/sec                    ( +-  0,01% )
     5.355.394.437      cycles:u                  #    3,026 GHz                      ( +-  0,15% )
     5.154.937.071      instructions:u            #    0,96  insn per cycle           ( +-  0,00% )
       426.044.012      branches:u                #  240,698 M/sec                    ( +-  0,00% )
           969.193      branch-misses:u           #    0,23% of all branches          ( +-  0,60% )

           0,54011 +- 0,00633 seconds time elapsed  ( +-  1,17% )


 Performance counter stats for './mandelbrot_pth 0.175 0.375 -0.1 0.1 1024 32' (10 runs):

          1.660,57 msec task-clock:u              #    3,377 CPUs utilized            ( +-  0,21% )
                 0      context-switches:u        #    0,000 K/sec                  
                 0      cpu-migrations:u          #    0,000 K/sec                  
            10.392      page-faults:u             #    0,006 M/sec                    ( +-  0,00% )
     4.968.333.852      cycles:u                  #    2,992 GHz                      ( +-  0,14% )
     4.799.072.091      instructions:u            #    0,97  insn per cycle           ( +-  0,00% )
       399.756.385      branches:u                #  240,734 M/sec                    ( +-  0,00% )
           946.157      branch-misses:u           #    0,24% of all branches          ( +-  1,99% )

           0,49166 +- 0,00933 seconds time elapsed  ( +-  1,90% )

./mandelbrot_pth: Interrupção
./mandelbrot_pth: Interrupção
./mandelbrot_pth: Interrupção
./mandelbrot_pth: Interrupção
./mandelbrot_pth: Interrupção
./mandelbrot_pth: Interrupção
./mandelbrot_pth: Interrupção
