
 Performance counter stats for './mandelbrot_pth -2.5 1.5 -2.0 2.0 16 1' (10 runs):

              0,88 msec task-clock:u              #    0,716 CPUs utilized            ( +-  3,98% )
                 0      context-switches:u        #    0,000 K/sec                  
                 0      cpu-migrations:u          #    0,000 K/sec                  
                90      page-faults:u             #    0,102 M/sec                    ( +-  0,65% )
           858.804      cycles:u                  #    0,975 GHz                      ( +-  2,66% )
           704.077      instructions:u            #    0,82  insn per cycle           ( +-  0,00% )
           116.540      branches:u                #  132,360 M/sec                    ( +-  0,00% )
             6.858      branch-misses:u           #    5,88% of all branches          ( +-  1,13% )

         0,0012290 +- 0,0000574 seconds time elapsed  ( +-  4,67% )


 Performance counter stats for './mandelbrot_pth -2.5 1.5 -2.0 2.0 16 2' (10 runs):

              1,08 msec task-clock:u              #    0,762 CPUs utilized            ( +-  4,65% )
                 0      context-switches:u        #    0,000 K/sec                  
                 0      cpu-migrations:u          #    0,000 K/sec                  
                93      page-faults:u             #    0,086 M/sec                    ( +-  0,69% )
         1.104.692      cycles:u                  #    1,026 GHz                      ( +-  3,37% )
           920.848      instructions:u            #    0,83  insn per cycle           ( +-  0,06% )
           134.199      branches:u                #  124,628 M/sec                    ( +-  0,06% )
             7.239      branch-misses:u           #    5,39% of all branches          ( +-  1,01% )

          0,001413 +- 0,000141 seconds time elapsed  ( +-  9,97% )


 Performance counter stats for './mandelbrot_pth -2.5 1.5 -2.0 2.0 16 4' (10 runs):

              1,27 msec task-clock:u              #    0,881 CPUs utilized            ( +-  7,73% )
                 0      context-switches:u        #    0,000 K/sec                  
                 0      cpu-migrations:u          #    0,000 K/sec                  
                98      page-faults:u             #    0,077 M/sec                    ( +-  0,49% )
         1.120.120      cycles:u                  #    0,880 GHz                      ( +-  6,92% )
           790.309      instructions:u            #    0,71  insn per cycle           ( +-  0,14% )
           128.523      branches:u                #  100,986 M/sec                    ( +-  0,15% )
             7.607      branch-misses:u           #    5,92% of all branches          ( +-  1,61% )

          0,001445 +- 0,000155 seconds time elapsed  ( +- 10,75% )


 Performance counter stats for './mandelbrot_pth -2.5 1.5 -2.0 2.0 16 8' (10 runs):

              1,41 msec task-clock:u              #    0,967 CPUs utilized            ( +-  1,47% )
                 0      context-switches:u        #    0,000 K/sec                  
                 0      cpu-migrations:u          #    0,000 K/sec                  
               108      page-faults:u             #    0,077 M/sec                    ( +-  0,83% )
         1.109.282      cycles:u                  #    0,788 GHz                      ( +-  1,25% )
           796.900      instructions:u            #    0,72  insn per cycle           ( +-  0,32% )
           136.156      branches:u                #   96,776 M/sec                    ( +-  0,31% )
             7.940      branch-misses:u           #    5,83% of all branches          ( +-  0,79% )

         0,0014557 +- 0,0000808 seconds time elapsed  ( +-  5,55% )


 Performance counter stats for './mandelbrot_pth -2.5 1.5 -2.0 2.0 16 16' (10 runs):

              1,84 msec task-clock:u              #    1,054 CPUs utilized            ( +-  2,57% )
                 0      context-switches:u        #    0,000 K/sec                  
                 0      cpu-migrations:u          #    0,000 K/sec                  
               123      page-faults:u             #    0,067 M/sec                    ( +-  0,74% )
         1.258.977      cycles:u                  #    0,683 GHz                      ( +-  1,52% )
           885.234      instructions:u            #    0,70  insn per cycle           ( +-  0,34% )
           154.990      branches:u                #   84,030 M/sec                    ( +-  0,33% )
             8.164      branch-misses:u           #    5,27% of all branches          ( +-  1,36% )

          0,001751 +- 0,000116 seconds time elapsed  ( +-  6,64% )


 Performance counter stats for './mandelbrot_pth -2.5 1.5 -2.0 2.0 16 32' (10 runs):

              2,76 msec task-clock:u              #    1,002 CPUs utilized            ( +-  6,11% )
                 0      context-switches:u        #    0,000 K/sec                  
                 0      cpu-migrations:u          #    0,000 K/sec                  
               156      page-faults:u             #    0,057 M/sec                    ( +-  0,38% )
         1.608.927      cycles:u                  #    0,584 GHz                      ( +-  5,38% )
         1.045.568      instructions:u            #    0,65  insn per cycle           ( +-  0,26% )
           192.399      branches:u                #   69,798 M/sec                    ( +-  0,24% )
             9.176      branch-misses:u           #    4,77% of all branches          ( +-  3,15% )

          0,002750 +- 0,000391 seconds time elapsed  ( +- 14,21% )


 Performance counter stats for './mandelbrot_pth -2.5 1.5 -2.0 2.0 32 1' (10 runs):

              1,15 msec task-clock:u              #    0,744 CPUs utilized            ( +-  4,03% )
                 0      context-switches:u        #    0,000 K/sec                  
                 0      cpu-migrations:u          #    0,000 K/sec                  
                98      page-faults:u             #    0,086 M/sec                    ( +-  0,48% )
         1.460.050      cycles:u                  #    1,273 GHz                      ( +-  2,80% )
         1.548.229      instructions:u            #    1,06  insn per cycle           ( +-  0,00% )
           211.056      branches:u                #  184,039 M/sec                    ( +-  0,00% )
             7.220      branch-misses:u           #    3,42% of all branches          ( +-  2,32% )

         0,0015416 +- 0,0000729 seconds time elapsed  ( +-  4,73% )


 Performance counter stats for './mandelbrot_pth -2.5 1.5 -2.0 2.0 32 2' (10 runs):

              1,46 msec task-clock:u              #    0,896 CPUs utilized            ( +-  3,14% )
                 0      context-switches:u        #    0,000 K/sec                  
                 0      cpu-migrations:u          #    0,000 K/sec                  
               101      page-faults:u             #    0,069 M/sec                    ( +-  0,56% )
         2.193.723      cycles:u                  #    1,503 GHz                      ( +-  2,60% )
         2.327.539      instructions:u            #    1,06  insn per cycle           ( +-  0,03% )
           269.377      branches:u                #  184,549 M/sec                    ( +-  0,04% )
             8.239      branch-misses:u           #    3,06% of all branches          ( +-  2,11% )

          0,001629 +- 0,000115 seconds time elapsed  ( +-  7,05% )


 Performance counter stats for './mandelbrot_pth -2.5 1.5 -2.0 2.0 32 4' (10 runs):

              1,46 msec task-clock:u              #    0,912 CPUs utilized            ( +-  3,87% )
                 0      context-switches:u        #    0,000 K/sec                  
                 0      cpu-migrations:u          #    0,000 K/sec                  
               105      page-faults:u             #    0,072 M/sec                    ( +-  0,41% )
         1.778.032      cycles:u                  #    1,220 GHz                      ( +-  2,69% )
         1.736.440      instructions:u            #    0,98  insn per cycle           ( +-  0,04% )
           230.096      branches:u                #  157,836 M/sec                    ( +-  0,06% )
             8.186      branch-misses:u           #    3,56% of all branches          ( +-  2,64% )

          0,001599 +- 0,000148 seconds time elapsed  ( +-  9,29% )


 Performance counter stats for './mandelbrot_pth -2.5 1.5 -2.0 2.0 32 8' (10 runs):

              1,70 msec task-clock:u              #    1,037 CPUs utilized            ( +-  3,01% )
                 0      context-switches:u        #    0,000 K/sec                  
                 0      cpu-migrations:u          #    0,000 K/sec                  
               114      page-faults:u             #    0,067 M/sec                    ( +-  0,57% )
         1.763.082      cycles:u                  #    1,038 GHz                      ( +-  1,81% )
         1.635.304      instructions:u            #    0,93  insn per cycle           ( +-  0,16% )
           229.713      branches:u                #  135,306 M/sec                    ( +-  0,20% )
             8.351      branch-misses:u           #    3,64% of all branches          ( +-  1,76% )

          0,001638 +- 0,000108 seconds time elapsed  ( +-  6,60% )


 Performance counter stats for './mandelbrot_pth -2.5 1.5 -2.0 2.0 32 16' (10 runs):

              2,34 msec task-clock:u              #    1,022 CPUs utilized            ( +-  4,52% )
                 0      context-switches:u        #    0,000 K/sec                  
                 0      cpu-migrations:u          #    0,000 K/sec                  
               129      page-faults:u             #    0,055 M/sec                    ( +-  0,33% )
         2.046.208      cycles:u                  #    0,873 GHz                      ( +-  2,66% )
         1.738.009      instructions:u            #    0,85  insn per cycle           ( +-  0,12% )
           250.058      branches:u                #  106,738 M/sec                    ( +-  0,14% )
             9.154      branch-misses:u           #    3,66% of all branches          ( +-  2,57% )

          0,002292 +- 0,000342 seconds time elapsed  ( +- 14,91% )


 Performance counter stats for './mandelbrot_pth -2.5 1.5 -2.0 2.0 32 32' (10 runs):

              3,16 msec task-clock:u              #    1,094 CPUs utilized            ( +-  4,38% )
                 0      context-switches:u        #    0,000 K/sec                  
                 0      cpu-migrations:u          #    0,000 K/sec                  
               162      page-faults:u             #    0,051 M/sec                    ( +-  0,34% )
         2.346.408      cycles:u                  #    0,743 GHz                      ( +-  3,37% )
         1.891.759      instructions:u            #    0,81  insn per cycle           ( +-  0,20% )
           287.124      branches:u                #   90,942 M/sec                    ( +-  0,22% )
             9.930      branch-misses:u           #    3,46% of all branches          ( +-  3,18% )

          0,002886 +- 0,000227 seconds time elapsed  ( +-  7,86% )


 Performance counter stats for './mandelbrot_pth -2.5 1.5 -2.0 2.0 64 1' (10 runs):

              2,05 msec task-clock:u              #    0,804 CPUs utilized            ( +-  3,77% )
                 0      context-switches:u        #    0,000 K/sec                  
                 0      cpu-migrations:u          #    0,000 K/sec                  
               130      page-faults:u             #    0,063 M/sec                    ( +-  0,68% )
         3.781.153      cycles:u                  #    1,848 GHz                      ( +-  2,73% )
         4.878.119      instructions:u            #    1,29  insn per cycle           ( +-  0,00% )
           585.724      branches:u                #  286,209 M/sec                    ( +-  0,00% )
             9.156      branch-misses:u           #    1,56% of all branches          ( +-  9,45% )

          0,002545 +- 0,000165 seconds time elapsed  ( +-  6,47% )


 Performance counter stats for './mandelbrot_pth -2.5 1.5 -2.0 2.0 64 2' (10 runs):

              3,07 msec task-clock:u              #    1,082 CPUs utilized            ( +-  4,49% )
                 0      context-switches:u        #    0,000 K/sec                  
                 0      cpu-migrations:u          #    0,000 K/sec                  
               132      page-faults:u             #    0,043 M/sec                    ( +-  0,57% )
         6.489.114      cycles:u                  #    2,116 GHz                      ( +-  3,03% )
         7.861.000      instructions:u            #    1,21  insn per cycle           ( +-  0,01% )
           803.271      branches:u                #  261,905 M/sec                    ( +-  0,02% )
            10.525      branch-misses:u           #    1,31% of all branches          ( +-  4,38% )

          0,002833 +- 0,000240 seconds time elapsed  ( +-  8,47% )


 Performance counter stats for './mandelbrot_pth -2.5 1.5 -2.0 2.0 64 4' (10 runs):

              2,64 msec task-clock:u              #    1,070 CPUs utilized            ( +-  3,81% )
                 0      context-switches:u        #    0,000 K/sec                  
                 0      cpu-migrations:u          #    0,000 K/sec                  
               135      page-faults:u             #    0,051 M/sec                    ( +-  0,35% )
         4.681.160      cycles:u                  #    1,775 GHz                      ( +-  2,29% )
         5.451.124      instructions:u            #    1,16  insn per cycle           ( +-  0,03% )
           631.807      branches:u                #  239,503 M/sec                    ( +-  0,04% )
             9.788      branch-misses:u           #    1,55% of all branches          ( +-  4,14% )

          0,002465 +- 0,000194 seconds time elapsed  ( +-  7,87% )


 Performance counter stats for './mandelbrot_pth -2.5 1.5 -2.0 2.0 64 8' (10 runs):

              2,64 msec task-clock:u              #    1,156 CPUs utilized            ( +-  2,56% )
                 0      context-switches:u        #    0,000 K/sec                  
                 0      cpu-migrations:u          #    0,000 K/sec                  
               142      page-faults:u             #    0,054 M/sec                    ( +-  0,38% )
         4.291.439      cycles:u                  #    1,625 GHz                      ( +-  1,31% )
         4.966.517      instructions:u            #    1,16  insn per cycle           ( +-  0,06% )
           604.607      branches:u                #  228,898 M/sec                    ( +-  0,08% )
             9.765      branch-misses:u           #    1,62% of all branches          ( +-  4,43% )

          0,002285 +- 0,000110 seconds time elapsed  ( +-  4,80% )


 Performance counter stats for './mandelbrot_pth -2.5 1.5 -2.0 2.0 64 16' (10 runs):

              3,34 msec task-clock:u              #    1,228 CPUs utilized            ( +-  4,03% )
                 0      context-switches:u        #    0,000 K/sec                  
                 0      cpu-migrations:u          #    0,000 K/sec                  
               160      page-faults:u             #    0,048 M/sec                    ( +-  0,59% )
         4.662.688      cycles:u                  #    1,396 GHz                      ( +-  2,65% )
         5.106.147      instructions:u            #    1,10  insn per cycle           ( +-  0,04% )
           627.606      branches:u                #  187,916 M/sec                    ( +-  0,05% )
            11.539      branch-misses:u           #    1,84% of all branches          ( +-  5,34% )

          0,002720 +- 0,000214 seconds time elapsed  ( +-  7,86% )


 Performance counter stats for './mandelbrot_pth -2.5 1.5 -2.0 2.0 64 32' (10 runs):

              4,07 msec task-clock:u              #    1,275 CPUs utilized            ( +-  2,79% )
                 0      context-switches:u        #    0,000 K/sec                  
                 0      cpu-migrations:u          #    0,000 K/sec                  
               193      page-faults:u             #    0,048 M/sec                    ( +-  0,40% )
         4.945.034      cycles:u                  #    1,216 GHz                      ( +-  1,83% )
         5.226.822      instructions:u            #    1,06  insn per cycle           ( +-  0,06% )
           662.146      branches:u                #  162,821 M/sec                    ( +-  0,08% )
            12.685      branch-misses:u           #    1,92% of all branches          ( +-  5,77% )

          0,003191 +- 0,000268 seconds time elapsed  ( +-  8,39% )


 Performance counter stats for './mandelbrot_pth -2.5 1.5 -2.0 2.0 128 1' (10 runs):

              5,28 msec task-clock:u              #    0,904 CPUs utilized            ( +-  1,91% )
                 0      context-switches:u        #    0,000 K/sec                  
                 0      cpu-migrations:u          #    0,000 K/sec                  
               248      page-faults:u             #    0,047 M/sec                    ( +-  0,26% )
        12.748.923      cycles:u                  #    2,415 GHz                      ( +-  1,20% )
        18.076.512      instructions:u            #    1,42  insn per cycle           ( +-  0,00% )
         2.075.125      branches:u                #  393,138 M/sec                    ( +-  0,00% )
            13.232      branch-misses:u           #    0,64% of all branches          ( +-  8,11% )

          0,005841 +- 0,000161 seconds time elapsed  ( +-  2,75% )


 Performance counter stats for './mandelbrot_pth -2.5 1.5 -2.0 2.0 128 2' (10 runs):

              8,66 msec task-clock:u              #    1,436 CPUs utilized            ( +-  2,59% )
                 0      context-switches:u        #    0,000 K/sec                  
                 0      cpu-migrations:u          #    0,000 K/sec                  
               251      page-faults:u             #    0,029 M/sec                    ( +-  0,23% )
        22.863.276      cycles:u                  #    2,641 GHz                      ( +-  2,58% )
        29.757.313      instructions:u            #    1,30  insn per cycle           ( +-  0,00% )
         2.921.134      branches:u                #  337,418 M/sec                    ( +-  0,00% )
            19.273      branch-misses:u           #    0,66% of all branches          ( +-  6,74% )

          0,006027 +- 0,000236 seconds time elapsed  ( +-  3,91% )


 Performance counter stats for './mandelbrot_pth -2.5 1.5 -2.0 2.0 128 4' (10 runs):

              6,64 msec task-clock:u              #    1,341 CPUs utilized            ( +-  2,49% )
                 0      context-switches:u        #    0,000 K/sec                  
                 0      cpu-migrations:u          #    0,000 K/sec                  
               255      page-faults:u             #    0,038 M/sec                    ( +-  0,24% )
        16.099.147      cycles:u                  #    2,424 GHz                      ( +-  1,75% )
        20.177.147      instructions:u            #    1,25  insn per cycle           ( +-  0,00% )
         2.230.341      branches:u                #  335,821 M/sec                    ( +-  0,01% )
            16.442      branch-misses:u           #    0,74% of all branches          ( +-  9,99% )

          0,004952 +- 0,000196 seconds time elapsed  ( +-  3,95% )


 Performance counter stats for './mandelbrot_pth -2.5 1.5 -2.0 2.0 128 8' (10 runs):

              6,31 msec task-clock:u              #    1,383 CPUs utilized            ( +-  2,59% )
                 0      context-switches:u        #    0,000 K/sec                  
                 0      cpu-migrations:u          #    0,000 K/sec                  
               264      page-faults:u             #    0,042 M/sec                    ( +-  0,23% )
        14.491.885      cycles:u                  #    2,296 GHz                      ( +-  1,96% )
        18.152.173      instructions:u            #    1,25  insn per cycle           ( +-  0,01% )
         2.091.889      branches:u                #  331,435 M/sec                    ( +-  0,01% )
            14.759      branch-misses:u           #    0,71% of all branches          ( +-  8,38% )

          0,004565 +- 0,000250 seconds time elapsed  ( +-  5,47% )


 Performance counter stats for './mandelbrot_pth -2.5 1.5 -2.0 2.0 128 16' (10 runs):

              7,10 msec task-clock:u              #    1,418 CPUs utilized            ( +-  2,44% )
                 0      context-switches:u        #    0,000 K/sec                  
                 0      cpu-migrations:u          #    0,000 K/sec                  
               282      page-faults:u             #    0,040 M/sec                    ( +-  0,24% )
        15.235.976      cycles:u                  #    2,146 GHz                      ( +-  2,15% )
        18.451.807      instructions:u            #    1,21  insn per cycle           ( +-  0,01% )
         2.127.258      branches:u                #  299,578 M/sec                    ( +-  0,02% )
            19.285      branch-misses:u           #    0,91% of all branches          ( +- 12,40% )

          0,005008 +- 0,000336 seconds time elapsed  ( +-  6,70% )


 Performance counter stats for './mandelbrot_pth -2.5 1.5 -2.0 2.0 128 32' (10 runs):

              8,08 msec task-clock:u              #    1,373 CPUs utilized            ( +-  1,77% )
                 0      context-switches:u        #    0,000 K/sec                  
                 0      cpu-migrations:u          #    0,000 K/sec                  
               314      page-faults:u             #    0,039 M/sec                    ( +-  0,26% )
        15.486.957      cycles:u                  #    1,917 GHz                      ( +-  1,03% )
        18.444.512      instructions:u            #    1,19  insn per cycle           ( +-  0,02% )
         2.154.399      branches:u                #  266,720 M/sec                    ( +-  0,02% )
            18.903      branch-misses:u           #    0,88% of all branches          ( +- 10,81% )

          0,005883 +- 0,000504 seconds time elapsed  ( +-  8,56% )


 Performance counter stats for './mandelbrot_pth -2.5 1.5 -2.0 2.0 256 1' (10 runs):

             17,99 msec task-clock:u              #    0,966 CPUs utilized            ( +-  1,05% )
                 0      context-switches:u        #    0,000 K/sec                  
                 0      cpu-migrations:u          #    0,000 K/sec                  
               730      page-faults:u             #    0,041 M/sec                    ( +-  0,07% )
        48.414.912      cycles:u                  #    2,691 GHz                      ( +-  0,72% )
        70.914.464      instructions:u            #    1,46  insn per cycle           ( +-  0,00% )
         8.035.664      branches:u                #  446,612 M/sec                    ( +-  0,00% )
            30.229      branch-misses:u           #    0,38% of all branches          ( +-  9,16% )

          0,018630 +- 0,000242 seconds time elapsed  ( +-  1,30% )


 Performance counter stats for './mandelbrot_pth -2.5 1.5 -2.0 2.0 256 2' (10 runs):

             30,48 msec task-clock:u              #    1,556 CPUs utilized            ( +-  0,74% )
                 0      context-switches:u        #    0,000 K/sec                  
                 0      cpu-migrations:u          #    0,000 K/sec                  
               732      page-faults:u             #    0,024 M/sec                    ( +-  0,08% )
        86.100.277      cycles:u                  #    2,825 GHz                      ( +-  0,57% )
       117.429.308      instructions:u            #    1,36  insn per cycle           ( +-  0,00% )
        11.398.180      branches:u                #  374,014 M/sec                    ( +-  0,00% )
            42.527      branch-misses:u           #    0,37% of all branches          ( +-  6,31% )

          0,019585 +- 0,000211 seconds time elapsed  ( +-  1,08% )


 Performance counter stats for './mandelbrot_pth -2.5 1.5 -2.0 2.0 256 4' (10 runs):

             23,48 msec task-clock:u              #    1,627 CPUs utilized            ( +-  1,47% )
                 0      context-switches:u        #    0,000 K/sec                  
                 0      cpu-migrations:u          #    0,000 K/sec                  
               736      page-faults:u             #    0,031 M/sec                    ( +-  0,08% )
        63.813.944      cycles:u                  #    2,717 GHz                      ( +-  1,23% )
        78.966.739      instructions:u            #    1,24  insn per cycle           ( +-  0,00% )
         8.615.468      branches:u                #  366,870 M/sec                    ( +-  0,00% )
            42.812      branch-misses:u           #    0,50% of all branches          ( +- 11,89% )

          0,014434 +- 0,000367 seconds time elapsed  ( +-  2,54% )


 Performance counter stats for './mandelbrot_pth -2.5 1.5 -2.0 2.0 256 8' (10 runs):

             20,82 msec task-clock:u              #    1,620 CPUs utilized            ( +-  0,98% )
                 0      context-switches:u        #    0,000 K/sec                  
                 0      cpu-migrations:u          #    0,000 K/sec                  
               743      page-faults:u             #    0,036 M/sec                    ( +-  0,08% )
        55.497.342      cycles:u                  #    2,665 GHz                      ( +-  1,03% )
        70.992.685      instructions:u            #    1,28  insn per cycle           ( +-  0,00% )
         8.052.866      branches:u                #  386,718 M/sec                    ( +-  0,00% )
            38.290      branch-misses:u           #    0,48% of all branches          ( +-  7,12% )

          0,012854 +- 0,000486 seconds time elapsed  ( +-  3,78% )


 Performance counter stats for './mandelbrot_pth -2.5 1.5 -2.0 2.0 256 16' (10 runs):

             22,09 msec task-clock:u              #    1,616 CPUs utilized            ( +-  1,31% )
                 0      context-switches:u        #    0,000 K/sec                  
                 0      cpu-migrations:u          #    0,000 K/sec                  
               762      page-faults:u             #    0,035 M/sec                    ( +-  0,12% )
        57.119.090      cycles:u                  #    2,586 GHz                      ( +-  1,00% )
        71.842.049      instructions:u            #    1,26  insn per cycle           ( +-  0,00% )
         8.124.618      branches:u                #  367,787 M/sec                    ( +-  0,00% )
            38.242      branch-misses:u           #    0,47% of all branches          ( +-  8,80% )

          0,013670 +- 0,000409 seconds time elapsed  ( +-  2,99% )


 Performance counter stats for './mandelbrot_pth -2.5 1.5 -2.0 2.0 256 32' (10 runs):

             22,97 msec task-clock:u              #    1,668 CPUs utilized            ( +-  1,51% )
                 0      context-switches:u        #    0,000 K/sec                  
                 0      cpu-migrations:u          #    0,000 K/sec                  
               794      page-faults:u             #    0,035 M/sec                    ( +-  0,10% )
        56.913.533      cycles:u                  #    2,477 GHz                      ( +-  1,09% )
        71.293.178      instructions:u            #    1,25  insn per cycle           ( +-  0,00% )
         8.117.089      branches:u                #  353,313 M/sec                    ( +-  0,01% )
            48.453      branch-misses:u           #    0,60% of all branches          ( +- 14,26% )

          0,013770 +- 0,000404 seconds time elapsed  ( +-  2,93% )


 Performance counter stats for './mandelbrot_pth -2.5 1.5 -2.0 2.0 512 1' (10 runs):

             68,62 msec task-clock:u              #    0,983 CPUs utilized            ( +-  0,56% )
                 0      context-switches:u        #    0,000 K/sec                  
                 0      cpu-migrations:u          #    0,000 K/sec                  
             2.651      page-faults:u             #    0,039 M/sec                    ( +-  0,03% )
       190.692.776      cycles:u                  #    2,779 GHz                      ( +-  0,40% )
       282.042.339      instructions:u            #    1,48  insn per cycle           ( +-  0,00% )
        31.860.719      branches:u                #  464,276 M/sec                    ( +-  0,00% )
           108.482      branch-misses:u           #    0,34% of all branches          ( +-  5,60% )

          0,069797 +- 0,000442 seconds time elapsed  ( +-  0,63% )


 Performance counter stats for './mandelbrot_pth -2.5 1.5 -2.0 2.0 512 2' (10 runs):

            110,65 msec task-clock:u              #    1,704 CPUs utilized            ( +-  0,34% )
                 0      context-switches:u        #    0,000 K/sec                  
                 0      cpu-migrations:u          #    0,000 K/sec                  
             2.652      page-faults:u             #    0,024 M/sec                    ( +-  0,02% )
       322.707.168      cycles:u                  #    2,916 GHz                      ( +-  0,31% )
       467.679.222      instructions:u            #    1,45  insn per cycle           ( +-  0,00% )
        45.273.675      branches:u                #  409,144 M/sec                    ( +-  0,00% )
           100.134      branch-misses:u           #    0,22% of all branches          ( +-  1,37% )

          0,064922 +- 0,000219 seconds time elapsed  ( +-  0,34% )


 Performance counter stats for './mandelbrot_pth -2.5 1.5 -2.0 2.0 512 4' (10 runs):

             87,63 msec task-clock:u              #    1,779 CPUs utilized            ( +-  1,20% )
                 0      context-switches:u        #    0,000 K/sec                  
                 0      cpu-migrations:u          #    0,000 K/sec                  
             2.657      page-faults:u             #    0,030 M/sec                    ( +-  0,02% )
       248.908.960      cycles:u                  #    2,840 GHz                      ( +-  1,26% )
       313.726.138      instructions:u            #    1,26  insn per cycle           ( +-  0,00% )
        34.126.157      branches:u                #  389,423 M/sec                    ( +-  0,00% )
            97.080      branch-misses:u           #    0,28% of all branches          ( +- 26,47% )

          0,049269 +- 0,000889 seconds time elapsed  ( +-  1,80% )


 Performance counter stats for './mandelbrot_pth -2.5 1.5 -2.0 2.0 512 8' (10 runs):

             81,46 msec task-clock:u              #    1,812 CPUs utilized            ( +-  0,82% )
                 0      context-switches:u        #    0,000 K/sec                  
                 0      cpu-migrations:u          #    0,000 K/sec                  
             2.665      page-faults:u             #    0,033 M/sec                    ( +-  0,02% )
       224.350.713      cycles:u                  #    2,754 GHz                      ( +-  0,58% )
       282.125.287      instructions:u            #    1,26  insn per cycle           ( +-  0,00% )
        31.878.805      branches:u                #  391,319 M/sec                    ( +-  0,00% )
            98.617      branch-misses:u           #    0,31% of all branches          ( +- 12,81% )

           0,04495 +- 0,00161 seconds time elapsed  ( +-  3,57% )


 Performance counter stats for './mandelbrot_pth -2.5 1.5 -2.0 2.0 512 16' (10 runs):

             81,31 msec task-clock:u              #    1,888 CPUs utilized            ( +-  0,62% )
                 0      context-switches:u        #    0,000 K/sec                  
                 0      cpu-migrations:u          #    0,000 K/sec                  
             2.683      page-faults:u             #    0,033 M/sec                    ( +-  0,03% )
       223.598.360      cycles:u                  #    2,750 GHz                      ( +-  0,59% )
       285.190.370      instructions:u            #    1,28  insn per cycle           ( +-  0,00% )
        32.098.801      branches:u                #  394,780 M/sec                    ( +-  0,00% )
            90.428      branch-misses:u           #    0,28% of all branches          ( +- 16,94% )

          0,043068 +- 0,000874 seconds time elapsed  ( +-  2,03% )


 Performance counter stats for './mandelbrot_pth -2.5 1.5 -2.0 2.0 512 32' (10 runs):

             79,55 msec task-clock:u              #    1,952 CPUs utilized            ( +-  0,52% )
                 0      context-switches:u        #    0,000 K/sec                  
                 0      cpu-migrations:u          #    0,000 K/sec                  
             2.715      page-faults:u             #    0,034 M/sec                    ( +-  0,02% )
       221.288.432      cycles:u                  #    2,782 GHz                      ( +-  0,55% )
       282.463.362      instructions:u            #    1,28  insn per cycle           ( +-  0,00% )
        31.947.008      branches:u                #  401,590 M/sec                    ( +-  0,00% )
            62.439      branch-misses:u           #    0,20% of all branches          ( +-  2,95% )

           0,04075 +- 0,00107 seconds time elapsed  ( +-  2,62% )


 Performance counter stats for './mandelbrot_pth -2.5 1.5 -2.0 2.0 1024 1' (10 runs):

            262,61 msec task-clock:u              #    0,984 CPUs utilized            ( +-  1,84% )
                 0      context-switches:u        #    0,000 K/sec                  
                 0      cpu-migrations:u          #    0,000 K/sec                  
            10.331      page-faults:u             #    0,039 M/sec                    ( +-  0,01% )
       726.765.548      cycles:u                  #    2,767 GHz                      ( +-  1,39% )
     1.126.406.096      instructions:u            #    1,55  insn per cycle           ( +-  0,00% )
       127.149.400      branches:u                #  484,173 M/sec                    ( +-  0,00% )
           236.901      branch-misses:u           #    0,19% of all branches          ( +- 19,45% )

           0,26688 +- 0,00791 seconds time elapsed  ( +-  2,97% )


 Performance counter stats for './mandelbrot_pth -2.5 1.5 -2.0 2.0 1024 2' (10 runs):

            485,66 msec task-clock:u              #    1,648 CPUs utilized            ( +-  2,41% )
                 0      context-switches:u        #    0,000 K/sec                  
                 0      cpu-migrations:u          #    0,000 K/sec                  
            10.332      page-faults:u             #    0,021 M/sec                    ( +-  0,01% )
     1.397.510.499      cycles:u                  #    2,878 GHz                      ( +-  2,38% )
     1.868.382.112      instructions:u            #    1,34  insn per cycle           ( +-  0,00% )
       180.751.475      branches:u                #  372,178 M/sec                    ( +-  0,00% )
           706.099      branch-misses:u           #    0,39% of all branches          ( +- 25,64% )

           0,29477 +- 0,00977 seconds time elapsed  ( +-  3,31% )


 Performance counter stats for './mandelbrot_pth -2.5 1.5 -2.0 2.0 1024 4' (10 runs):

            343,35 msec task-clock:u              #    1,807 CPUs utilized            ( +-  1,19% )
                 0      context-switches:u        #    0,000 K/sec                  
                 0      cpu-migrations:u          #    0,000 K/sec                  
            10.336      page-faults:u             #    0,030 M/sec                    ( +-  0,01% )
       978.667.623      cycles:u                  #    2,850 GHz                      ( +-  1,25% )
     1.252.037.558      instructions:u            #    1,28  insn per cycle           ( +-  0,00% )
       136.113.101      branches:u                #  396,421 M/sec                    ( +-  0,00% )
           328.662      branch-misses:u           #    0,24% of all branches          ( +- 20,30% )

           0,18998 +- 0,00463 seconds time elapsed  ( +-  2,43% )


 Performance counter stats for './mandelbrot_pth -2.5 1.5 -2.0 2.0 1024 8' (10 runs):

            325,49 msec task-clock:u              #    1,643 CPUs utilized            ( +-  1,32% )
                 0      context-switches:u        #    0,000 K/sec                  
                 0      cpu-migrations:u          #    0,000 K/sec                  
            10.343      page-faults:u             #    0,032 M/sec                    ( +-  0,00% )
       915.163.067      cycles:u                  #    2,812 GHz                      ( +-  1,16% )
     1.126.500.387      instructions:u            #    1,23  insn per cycle           ( +-  0,00% )
       127.168.589      branches:u                #  390,697 M/sec                    ( +-  0,00% )
           632.363      branch-misses:u           #    0,50% of all branches          ( +- 22,19% )

           0,19807 +- 0,00584 seconds time elapsed  ( +-  2,95% )


 Performance counter stats for './mandelbrot_pth -2.5 1.5 -2.0 2.0 1024 16' (10 runs):

            317,01 msec task-clock:u              #    1,880 CPUs utilized            ( +-  1,55% )
                 0      context-switches:u        #    0,000 K/sec                  
                 0      cpu-migrations:u          #    0,000 K/sec                  
            10.362      page-faults:u             #    0,033 M/sec                    ( +-  0,01% )
       887.807.508      cycles:u                  #    2,801 GHz                      ( +-  1,34% )
     1.138.411.807      instructions:u            #    1,28  insn per cycle           ( +-  0,00% )
       127.978.727      branches:u                #  403,707 M/sec                    ( +-  0,00% )
           398.761      branch-misses:u           #    0,31% of all branches          ( +- 31,01% )

           0,16866 +- 0,00750 seconds time elapsed  ( +-  4,44% )


 Performance counter stats for './mandelbrot_pth -2.5 1.5 -2.0 2.0 1024 32' (10 runs):

            304,93 msec task-clock:u              #    1,991 CPUs utilized            ( +-  0,60% )
                 0      context-switches:u        #    0,000 K/sec                  
                 0      cpu-migrations:u          #    0,000 K/sec                  
            10.394      page-faults:u             #    0,034 M/sec                    ( +-  0,01% )
       873.188.271      cycles:u                  #    2,864 GHz                      ( +-  0,64% )
     1.126.969.630      instructions:u            #    1,29  insn per cycle           ( +-  0,00% )
       127.249.928      branches:u                #  417,307 M/sec                    ( +-  0,00% )
           179.219      branch-misses:u           #    0,14% of all branches          ( +-  2,24% )

           0,15318 +- 0,00139 seconds time elapsed  ( +-  0,91% )


 Performance counter stats for './mandelbrot_pth -2.5 1.5 -2.0 2.0 2048 1' (10 runs):

          1.018,34 msec task-clock:u              #    0,998 CPUs utilized            ( +-  0,37% )
                 0      context-switches:u        #    0,000 K/sec                  
                 0      cpu-migrations:u          #    0,000 K/sec                  
            41.050      page-faults:u             #    0,040 M/sec                    ( +-  0,00% )
     2.857.026.160      cycles:u                  #    2,806 GHz                      ( +-  0,29% )
     4.502.986.238      instructions:u            #    1,58  insn per cycle           ( +-  0,00% )
       508.234.500      branches:u                #  499,083 M/sec                    ( +-  0,00% )
           647.569      branch-misses:u           #    0,13% of all branches          ( +-  3,21% )

           1,02076 +- 0,00383 seconds time elapsed  ( +-  0,37% )

